sdk/cameraview/build/intermediates/manifest_merge_blame_file/debug/manifest-merger-blame-debug-report.txt
1<?xml version="1.0" encoding="utf-8"?>
2<manifest xmlns:android="http://schemas.android.com/apk/res/android"
3    xmlns:tools="http://schemas.android.com/tools"
4    package="com.otaliastudios.cameraview" >
5
6    <uses-sdk
6-->src\main\AndroidManifest.xml:25:5-66
7        android:minSdkVersion="21"
7-->src\main\AndroidManifest.xml:25:5-66
8        android:targetSdkVersion="33"
8-->src\main\AndroidManifest.xml:25:5-66
9        tools:overrideLibrary="com.otaliastudios.opengl" />
9-->src\main\AndroidManifest.xml:25:15-63
10
11    <uses-permission android:name="android.permission.CAMERA" />
11-->src\main\AndroidManifest.xml:6:5-65
11-->src\main\AndroidManifest.xml:6:22-62
12
13    <!--
14         Have developers add this. We don't want AUDIO permission to be auto-added to
15         apps that just want to take pictures.
16    -->
17    <!-- uses-permission android:name="android.permission.RECORD_AUDIO" / -->
18
19    <uses-feature
19-->src\main\AndroidManifest.xml:12:5-14:35
20        android:name="android.hardware.camera"
20-->src\main\AndroidManifest.xml:13:9-47
21        android:required="false" />
21-->src\main\AndroidManifest.xml:14:9-33
22    <uses-feature
22-->src\main\AndroidManifest.xml:15:5-17:35
23        android:name="android.hardware.camera.autofocus"
23-->src\main\AndroidManifest.xml:16:9-57
24        android:required="false" />
24-->src\main\AndroidManifest.xml:17:9-33
25    <uses-feature
25-->src\main\AndroidManifest.xml:18:5-20:35
26        android:name="android.hardware.camera.front"
26-->src\main\AndroidManifest.xml:19:9-53
27        android:required="false" />
27-->src\main\AndroidManifest.xml:20:9-33
28    <uses-feature
28-->src\main\AndroidManifest.xml:21:5-23:35
29        android:name="android.hardware.microphone"
29-->src\main\AndroidManifest.xml:22:9-51
30        android:required="false" />
30-->src\main\AndroidManifest.xml:23:9-33
31
32    <application />
32-->src\main\AndroidManifest.xml:27:5-19
33
34</manifest>